TN:
SF:/home/topaxi/rxtask/src/index.ts
FNF:0
FNH:0
DA:1,1
DA:2,1
LF:2
LH:2
BRF:0
BRH:0
end_of_record
TN:
SF:/home/topaxi/rxtask/src/task-instance.ts
FN:31,(anonymous_0)
FN:94,TaskInstance
FN:81,(anonymous_2)
FN:86,(anonymous_3)
FN:101,(anonymous_4)
FN:120,(anonymous_5)
FN:137,(anonymous_6)
FN:144,(anonymous_7)
FN:149,(anonymous_8)
FNF:9
FNH:9
FNDA:1,(anonymous_0)
FNDA:26,TaskInstance
FNDA:1,(anonymous_2)
FNDA:16,(anonymous_3)
FNDA:16,(anonymous_4)
FNDA:20,(anonymous_5)
FNDA:18,(anonymous_6)
FNDA:19,(anonymous_7)
FNDA:1,(anonymous_8)
DA:4,1
DA:5,1
DA:6,1
DA:8,1
DA:15,1
DA:16,1
DA:17,1
DA:18,1
DA:19,1
DA:24,1
DA:31,1
DA:32,26
DA:33,26
DA:35,26
DA:36,26
DA:37,26
DA:38,26
DA:41,26
DA:46,26
DA:54,26
DA:60,26
DA:62,26
DA:64,26
DA:66,26
DA:68,26
DA:71,26
DA:73,26
DA:78,26
DA:81,1
DA:82,1
DA:86,1
DA:87,16
DA:95,26
DA:101,1
DA:102,16
DA:120,1
DA:125,20
DA:127,19
DA:128,19
DA:131,19
DA:137,1
DA:138,18
DA:139,18
DA:140,18
DA:144,1
DA:145,19
DA:149,1
DA:150,1
DA:152,1
LF:49
LH:49
BRDA:125,0,0,1
BRDA:125,0,1,19
BRF:2
BRH:2
end_of_record
TN:
SF:/home/topaxi/rxtask/src/task.ts
FN:58,(anonymous_0)
FN:62,(anonymous_1)
FN:77,(anonymous_2)
FN:144,Task
FN:89,(anonymous_4)
FN:131,(anonymous_5)
FN:136,(anonymous_6)
FN:152,(anonymous_7)
FN:167,(anonymous_8)
FN:176,(anonymous_9)
FN:196,(anonymous_10)
FN:212,(anonymous_11)
FN:221,(anonymous_12)
FN:230,(anonymous_13)
FN:238,(anonymous_14)
FN:245,(anonymous_15)
FN:253,(anonymous_16)
FN:258,(anonymous_17)
FN:263,(anonymous_18)
FN:267,(anonymous_19)
FN:281,(anonymous_20)
FN:282,(anonymous_21)
FNF:22
FNH:22
FNDA:9,(anonymous_0)
FNDA:13,(anonymous_1)
FNDA:1,(anonymous_2)
FNDA:12,Task
FNDA:7,(anonymous_4)
FNDA:1,(anonymous_5)
FNDA:1,(anonymous_6)
FNDA:17,(anonymous_7)
FNDA:9,(anonymous_8)
FNDA:9,(anonymous_9)
FNDA:8,(anonymous_10)
FNDA:1,(anonymous_11)
FNDA:2,(anonymous_12)
FNDA:1,(anonymous_13)
FNDA:1,(anonymous_14)
FNDA:1,(anonymous_15)
FNDA:1,(anonymous_16)
FNDA:1,(anonymous_17)
FNDA:1,(anonymous_18)
FNDA:7,(anonymous_19)
FNDA:16,(anonymous_20)
FNDA:15,(anonymous_21)
DA:1,1
DA:3,1
DA:5,1
DA:6,1
DA:7,1
DA:8,1
DA:21,1
DA:22,1
DA:30,1
DA:31,1
DA:46,1
DA:47,1
DA:48,1
DA:50,1
DA:58,1
DA:60,9
DA:62,13
DA:70,1
DA:77,1
DA:78,12
DA:79,12
DA:80,12
DA:81,12
DA:82,12
DA:84,12
DA:86,12
DA:87,12
DA:88,12
DA:89,12
DA:90,7
DA:94,12
DA:104,12
DA:106,12
DA:108,12
DA:110,12
DA:112,12
DA:114,12
DA:116,12
DA:118,12
DA:120,12
DA:122,12
DA:124,12
DA:126,12
DA:128,12
DA:131,1
DA:132,1
DA:136,1
DA:137,1
DA:144,12
DA:145,12
DA:152,1
DA:153,17
DA:155,16
DA:156,7
DA:159,16
DA:160,16
DA:167,1
DA:168,9
DA:169,9
DA:176,1
DA:177,9
DA:178,9
DA:196,1
DA:201,8
DA:203,7
DA:204,7
DA:212,1
DA:213,1
DA:214,1
DA:221,1
DA:222,2
DA:223,2
DA:224,2
DA:230,1
DA:231,1
DA:232,1
DA:238,1
DA:239,1
DA:245,1
DA:246,1
DA:247,1
DA:253,1
DA:254,1
DA:258,1
DA:259,1
DA:263,1
DA:264,1
DA:267,1
DA:268,7
DA:270,1
DA:272,1
DA:274,5
DA:281,1
DA:282,16
DA:284,1
LF:95
LH:95
BRDA:153,0,0,1
BRDA:153,0,1,16
BRDA:155,1,0,7
BRDA:155,1,1,9
BRDA:201,2,0,1
BRDA:201,2,1,7
BRDA:269,3,0,1
BRDA:269,3,1,1
BRDA:269,3,2,5
BRF:9
BRH:9
end_of_record
TN:
SF:/home/topaxi/rxtask/src/actions/index.ts
FN:29,createAction
FN:44,toAction
FN:47,(anonymous_2)
FNF:3
FNH:3
FNDA:114,createAction
FNDA:15,toAction
FNDA:40,(anonymous_2)
DA:29,1
DA:33,114
DA:34,2
DA:37,112
DA:44,1
DA:47,40
LF:6
LH:6
BRDA:33,0,0,2
BRDA:33,0,1,112
BRF:2
BRH:2
end_of_record
TN:
SF:/home/topaxi/rxtask/src/actions/task/index.ts
FNF:0
FNH:0
DA:5,1
LF:1
LH:1
BRF:0
BRH:0
end_of_record
TN:
SF:/home/topaxi/rxtask/src/actions/task-instance/index.ts
FN:16,createNotificationAction
FNF:1
FNH:1
FNDA:45,createNotificationAction
DA:2,1
DA:5,1
DA:16,1
DA:19,45
LF:4
LH:4
BRF:0
BRH:0
end_of_record
TN:
SF:/home/topaxi/rxtask/src/operators/action-reducer.ts
FN:16,actionReducer
FN:19,(anonymous_1)
FNF:2
FNH:2
FNDA:39,actionReducer
FNDA:39,(anonymous_1)
DA:2,1
DA:10,1
DA:16,1
DA:19,39
DA:20,39
DA:22,39
LF:6
LH:6
BRF:0
BRH:0
end_of_record
TN:
SF:/home/topaxi/rxtask/src/operators/filter-not-null.ts
FN:12,(anonymous_0)
FNF:1
FNH:1
FNDA:74,(anonymous_0)
DA:3,1
DA:4,1
DA:12,74
LF:3
LH:3
BRF:0
BRH:0
end_of_record
TN:
SF:/home/topaxi/rxtask/src/operators/index.ts
FNF:0
FNH:0
DA:1,1
DA:2,1
DA:3,1
LF:3
LH:3
BRF:0
BRH:0
end_of_record
TN:
SF:/home/topaxi/rxtask/src/operators/map-non-null.ts
FN:13,(anonymous_0)
FN:15,(anonymous_1)
FNF:2
FNH:2
FNDA:73,(anonymous_0)
FNDA:73,(anonymous_1)
DA:2,1
DA:5,1
DA:13,1
DA:15,73
LF:4
LH:4
BRF:0
BRH:0
end_of_record
TN:
SF:/home/topaxi/rxtask/src/reducers/task/index.ts
FN:29,(anonymous_0)
FN:57,taskInstanceStateReducer
FN:79,(anonymous_2)
FN:80,(anonymous_3)
FN:107,reducer
FN:119,taskNoLonger
FN:130,taskCompleted
FN:134,(anonymous_7)
FN:135,(anonymous_8)
FN:146,(anonymous_9)
FN:152,(anonymous_10)
FN:158,(anonymous_11)
FN:164,(anonymous_12)
FN:170,(anonymous_13)
FN:176,(anonymous_14)
FN:182,(anonymous_15)
FN:188,(anonymous_16)
FN:194,(anonymous_17)
FN:200,(anonymous_18)
FN:206,(anonymous_19)
FN:212,(anonymous_20)
FN:218,(anonymous_21)
FNF:22
FNH:22
FNDA:38,(anonymous_0)
FNDA:60,taskInstanceStateReducer
FNDA:3,(anonymous_2)
FNDA:3,(anonymous_3)
FNDA:73,reducer
FNDA:56,taskNoLonger
FNDA:15,taskCompleted
FNDA:15,(anonymous_7)
FNDA:15,(anonymous_8)
FNDA:27,(anonymous_9)
FNDA:27,(anonymous_10)
FNDA:27,(anonymous_11)
FNDA:27,(anonymous_12)
FNDA:27,(anonymous_13)
FNDA:27,(anonymous_14)
FNDA:27,(anonymous_15)
FNDA:26,(anonymous_16)
FNDA:26,(anonymous_17)
FNDA:15,(anonymous_18)
FNDA:14,(anonymous_19)
FNDA:14,(anonymous_20)
FNDA:15,(anonymous_21)
DA:2,1
DA:5,1
DA:29,1
DA:32,38
DA:41,1
DA:59,60
DA:61,60
DA:63,21
DA:70,20
DA:76,3
DA:79,3
DA:80,3
DA:86,2
DA:92,13
DA:98,1
DA:107,1
DA:108,87
DA:111,73
DA:113,60
DA:115,13
DA:124,56
DA:131,15
DA:134,15
DA:135,15
DA:146,27
DA:152,27
DA:158,27
DA:164,27
DA:170,27
DA:176,27
DA:182,27
DA:188,26
DA:194,26
DA:200,15
DA:206,14
DA:212,14
DA:218,15
LF:37
LH:37
BRDA:62,0,0,21
BRDA:62,0,1,20
BRDA:62,0,2,3
BRDA:62,0,3,2
BRDA:62,0,4,13
BRDA:62,0,5,1
BRDA:108,1,0,14
BRDA:108,1,1,59
BRDA:112,2,0,60
BRDA:112,2,1,13
BRF:10
BRH:10
end_of_record
TN:
SF:/home/topaxi/rxtask/src/reducers/task-instance/index.ts
FN:50,notificationReducer
FN:78,reducer
FN:94,(anonymous_2)
FN:101,(anonymous_3)
FN:108,(anonymous_4)
FN:115,(anonymous_5)
FN:122,(anonymous_6)
FN:130,(anonymous_7)
FN:136,(anonymous_8)
FN:142,(anonymous_9)
FN:148,(anonymous_10)
FN:154,(anonymous_11)
FNF:12
FNH:12
FNDA:45,notificationReducer
FNDA:72,reducer
FNDA:15,(anonymous_2)
FNDA:20,(anonymous_3)
FNDA:15,(anonymous_4)
FNDA:15,(anonymous_5)
FNDA:20,(anonymous_6)
FNDA:1,(anonymous_7)
FNDA:11,(anonymous_8)
FNDA:115,(anonymous_9)
FNDA:1,(anonymous_10)
FNDA:10,(anonymous_11)
DA:2,1
DA:23,1
DA:33,1
DA:43,1
DA:51,45
DA:53,18
DA:60,7
DA:66,19
DA:78,1
DA:79,99
DA:82,72
DA:84,45
DA:86,27
DA:94,1
DA:95,15
DA:101,1
DA:102,20
DA:108,1
DA:109,15
DA:115,1
DA:116,15
DA:122,1
DA:123,20
DA:130,1
DA:136,11
DA:142,115
DA:148,1
DA:154,1
DA:155,10
LF:29
LH:29
BRDA:52,0,0,18
BRDA:52,0,1,7
BRDA:52,0,2,19
BRDA:79,1,0,27
BRDA:79,1,1,45
BRDA:83,2,0,45
BRDA:83,2,1,27
BRDA:155,3,0,10
BRDA:155,3,1,5
BRF:9
BRH:9
end_of_record
TN:
SF:/home/topaxi/rxtask/src/utils/assert-never.ts
FN:6,assertNever
FNF:1
FNH:1
FNDA:2,assertNever
DA:6,1
DA:7,2
LF:2
LH:2
BRF:0
BRH:0
end_of_record
TN:
SF:/home/topaxi/rxtask/src/utils/create-callable-object.ts
FN:10,createCallableObject
FN:16,(anonymous_1)
FN:27,(anonymous_2)
FN:30,(anonymous_3)
FN:37,getBoundMethod
FN:40,(anonymous_5)
FN:47,proxyProperty
FNF:7
FNH:7
FNDA:8,createCallableObject
FNDA:18,(anonymous_1)
FNDA:5,(anonymous_2)
FNDA:2,(anonymous_3)
FNDA:12,getBoundMethod
FNDA:12,(anonymous_5)
FNDA:17,proxyProperty
DA:10,1
DA:14,8
DA:15,8
DA:17,18
DA:18,12
DA:21,6
DA:22,5
DA:25,1
DA:28,5
DA:31,2
DA:35,8
DA:38,12
DA:41,12
DA:42,12
DA:52,17
DA:53,12
DA:56,5
LF:17
LH:17
BRDA:17,0,0,12
BRDA:17,0,1,6
BRDA:21,1,0,5
BRDA:21,1,1,1
BRDA:39,2,0,2
BRDA:39,2,1,10
BRDA:42,3,0,3
BRDA:42,3,1,9
BRDA:52,4,0,12
BRDA:52,4,1,5
BRF:10
BRH:10
end_of_record
TN:
SF:/home/topaxi/rxtask/src/utils/empty-array.ts
FNF:0
FNH:0
DA:1,1
LF:1
LH:1
BRF:0
BRH:0
end_of_record
TN:
SF:/home/topaxi/rxtask/src/utils/filter.ts
FN:5,(anonymous_0)
FN:5,(anonymous_1)
FN:11,(anonymous_2)
FNF:3
FNH:3
FNDA:65,(anonymous_0)
FNDA:74,(anonymous_1)
FNDA:123,(anonymous_2)
DA:5,74
DA:11,1
DA:13,123
LF:3
LH:3
BRF:0
BRH:0
end_of_record
TN:
SF:/home/topaxi/rxtask/src/utils/index.ts
FNF:0
FNH:0
DA:1,1
DA:2,1
DA:3,1
DA:4,1
DA:5,1
LF:5
LH:5
BRF:0
BRH:0
end_of_record
TN:
SF:/home/topaxi/rxtask/src/utils/pipe.ts
FN:38,pipe
FN:39,(anonymous_1)
FNF:2
FNH:2
FNDA:20,pipe
FNDA:39,(anonymous_1)
DA:38,39
DA:39,39
LF:2
LH:2
BRF:0
BRH:0
end_of_record
